<?xml version="1.0" encoding="UTF-8"?>
<testng-results skipped="0" failed="1" ignored="0" total="10" passed="9">
  <reporter-output>
  </reporter-output>
  <suite name="Default suite" duration-ms="708639" started-at="2018-06-25T17:02:32Z" finished-at="2018-06-25T17:14:20Z">
    <groups>
    </groups>
    <test name="Default test" duration-ms="708639" started-at="2018-06-25T17:02:32Z" finished-at="2018-06-25T17:14:20Z">
      <class name="Script.TestCase10">
        <test-method status="PASS" signature="openPage()[pri:0, instance:Script.TestCase10@86be70a]" name="openPage" is-config="true" duration-ms="36417" started-at="2018-06-25T17:02:32Z" finished-at="2018-06-25T17:03:08Z">
          <reporter-output>
          </reporter-output>
        </test-method> <!-- openPage -->
        <test-method status="FAIL" signature="Login()[pri:0, instance:Script.TestCase10@86be70a]" name="Login" duration-ms="67052" started-at="2018-06-25T17:03:08Z" finished-at="2018-06-25T17:04:15Z">
          <exception class="org.openqa.selenium.NoSuchElementException">
            <message>
              <![CDATA[no such element: Unable to locate element: {"method":"xpath","selector":"//input[@id='pincode']"}
  (Session info: chrome=67.0.3396.87)
  (Driver info: chromedriver=2.40.565498 (ea082db3280dd6843ebfb08a625e3eb905c4f5ab),platform=Windows NT 6.1.7600 x86_64) (WARNING: The server did not provide any stacktrace information)
Command duration or timeout: 0 milliseconds
For documentation on this error, please visit: http://seleniumhq.org/exceptions/no_such_element.html
Build info: version: '3.5.3', revision: 'a88d25fe6b', time: '2017-08-29T12:54:15.039Z'
System info: host: 'MACTONSH', ip: '192.168.51.2', os.name: 'Windows 8.1', os.arch: 'amd64', os.version: '6.3', java.version: '1.8.0_144'
Driver info: org.openqa.selenium.chrome.ChromeDriver
Capabilities [{mobileEmulationEnabled=false, hasTouchScreen=false, platform=WIN8_1, acceptSslCerts=false, acceptInsecureCerts=false, webStorageEnabled=true, browserName=chrome, takesScreenshot=true, javascriptEnabled=true, platformName=WIN8_1, setWindowRect=true, unexpectedAlertBehaviour=, applicationCacheEnabled=false, rotatable=false, networkConnectionEnabled=false, chrome={chromedriverVersion=2.40.565498 (ea082db3280dd6843ebfb08a625e3eb905c4f5ab), userDataDir=C:\Users\Nikhil\AppData\Local\Temp\scoped_dir5036_25539}, takesHeapSnapshot=true, pageLoadStrategy=normal, unhandledPromptBehavior=, databaseEnabled=false, handlesAlerts=true, version=67.0.3396.87, browserConnectionEnabled=false, nativeEvents=true, locationContextEnabled=true, cssSelectorsEnabled=true}]
Session ID: 6d51b180d7e01ef3eec32d47e44a56ed
*** Element info: {Using=xpath, value=//input[@id='pincode']}]]>
            </message>
            <full-stacktrace>
              <![CDATA[org.openqa.selenium.NoSuchElementException: no such element: Unable to locate element: {"method":"xpath","selector":"//input[@id='pincode']"}
  (Session info: chrome=67.0.3396.87)
  (Driver info: chromedriver=2.40.565498 (ea082db3280dd6843ebfb08a625e3eb905c4f5ab),platform=Windows NT 6.1.7600 x86_64) (WARNING: The server did not provide any stacktrace information)
Command duration or timeout: 0 milliseconds
For documentation on this error, please visit: http://seleniumhq.org/exceptions/no_such_element.html
Build info: version: '3.5.3', revision: 'a88d25fe6b', time: '2017-08-29T12:54:15.039Z'
System info: host: 'MACTONSH', ip: '192.168.51.2', os.name: 'Windows 8.1', os.arch: 'amd64', os.version: '6.3', java.version: '1.8.0_144'
Driver info: org.openqa.selenium.chrome.ChromeDriver
Capabilities [{mobileEmulationEnabled=false, hasTouchScreen=false, platform=WIN8_1, acceptSslCerts=false, acceptInsecureCerts=false, webStorageEnabled=true, browserName=chrome, takesScreenshot=true, javascriptEnabled=true, platformName=WIN8_1, setWindowRect=true, unexpectedAlertBehaviour=, applicationCacheEnabled=false, rotatable=false, networkConnectionEnabled=false, chrome={chromedriverVersion=2.40.565498 (ea082db3280dd6843ebfb08a625e3eb905c4f5ab), userDataDir=C:\Users\Nikhil\AppData\Local\Temp\scoped_dir5036_25539}, takesHeapSnapshot=true, pageLoadStrategy=normal, unhandledPromptBehavior=, databaseEnabled=false, handlesAlerts=true, version=67.0.3396.87, browserConnectionEnabled=false, nativeEvents=true, locationContextEnabled=true, cssSelectorsEnabled=true}]
Session ID: 6d51b180d7e01ef3eec32d47e44a56ed
*** Element info: {Using=xpath, value=//input[@id='pincode']}
at sun.reflect.NativeConstructorAccessorImpl.newInstance0(Native Method)
at sun.reflect.NativeConstructorAccessorImpl.newInstance(Unknown Source)
at sun.reflect.DelegatingConstructorAccessorImpl.newInstance(Unknown Source)
at java.lang.reflect.Constructor.newInstance(Unknown Source)
at org.openqa.selenium.remote.ErrorHandler.createThrowable(ErrorHandler.java:215)
at org.openqa.selenium.remote.ErrorHandler.throwIfResponseFailed(ErrorHandler.java:167)
at org.openqa.selenium.remote.http.JsonHttpResponseCodec.reconstructValue(JsonHttpResponseCodec.java:40)
at org.openqa.selenium.remote.http.AbstractHttpResponseCodec.decode(AbstractHttpResponseCodec.java:82)
at org.openqa.selenium.remote.http.AbstractHttpResponseCodec.decode(AbstractHttpResponseCodec.java:45)
at org.openqa.selenium.remote.HttpCommandExecutor.execute(HttpCommandExecutor.java:164)
at org.openqa.selenium.remote.service.DriverCommandExecutor.execute(DriverCommandExecutor.java:82)
at org.openqa.selenium.remote.RemoteWebDriver.execute(RemoteWebDriver.java:646)
at org.openqa.selenium.remote.RemoteWebDriver.findElement(RemoteWebDriver.java:416)
at org.openqa.selenium.remote.RemoteWebDriver.findElementByXPath(RemoteWebDriver.java:518)
at org.openqa.selenium.By$ByXPath.findElement(By.java:361)
at org.openqa.selenium.remote.RemoteWebDriver.findElement(RemoteWebDriver.java:408)
at org.openqa.selenium.support.pagefactory.DefaultElementLocator.findElement(DefaultElementLocator.java:69)
at org.openqa.selenium.support.pagefactory.internal.LocatingElementHandler.invoke(LocatingElementHandler.java:38)
at com.sun.proxy.$Proxy9.sendKeys(Unknown Source)
at Pom.placeorders.pinc(placeorders.java:46)
at Script.TestCase10.Login(TestCase10.java:43)
at sun.reflect.NativeMethodAccessorImpl.invoke0(Native Method)
at sun.reflect.NativeMethodAccessorImpl.invoke(Unknown Source)
at sun.reflect.DelegatingMethodAccessorImpl.invoke(Unknown Source)
at java.lang.reflect.Method.invoke(Unknown Source)
at org.testng.internal.MethodInvocationHelper.invokeMethod(MethodInvocationHelper.java:124)
at org.testng.internal.Invoker.invokeMethod(Invoker.java:583)
at org.testng.internal.Invoker.invokeTestMethod(Invoker.java:719)
at org.testng.internal.Invoker.invokeTestMethods(Invoker.java:989)
at org.testng.internal.TestMethodWorker.invokeTestMethods(TestMethodWorker.java:125)
at org.testng.internal.TestMethodWorker.run(TestMethodWorker.java:109)
at org.testng.TestRunner.privateRun(TestRunner.java:648)
at org.testng.TestRunner.run(TestRunner.java:505)
at org.testng.SuiteRunner.runTest(SuiteRunner.java:455)
at org.testng.SuiteRunner.runSequentially(SuiteRunner.java:450)
at org.testng.SuiteRunner.privateRun(SuiteRunner.java:415)
at org.testng.SuiteRunner.run(SuiteRunner.java:364)
at org.testng.SuiteRunnerWorker.runSuite(SuiteRunnerWorker.java:52)
at org.testng.SuiteRunnerWorker.run(SuiteRunnerWorker.java:84)
at org.testng.TestNG.runSuitesSequentially(TestNG.java:1208)
at org.testng.TestNG.runSuitesLocally(TestNG.java:1137)
at org.testng.TestNG.runSuites(TestNG.java:1049)
at org.testng.TestNG.run(TestNG.java:1017)
at org.testng.remote.AbstractRemoteTestNG.run(AbstractRemoteTestNG.java:114)
at org.testng.remote.RemoteTestNG.initAndRun(RemoteTestNG.java:251)
at org.testng.remote.RemoteTestNG.main(RemoteTestNG.java:77)
]]>
            </full-stacktrace>
          </exception> <!-- org.openqa.selenium.NoSuchElementException -->
          <reporter-output>
          </reporter-output>
        </test-method> <!-- Login -->
        <test-method status="PASS" signature="closeApp()[pri:0, instance:Script.TestCase10@86be70a]" name="closeApp" is-config="true" duration-ms="1034" started-at="2018-06-25T17:04:15Z" finished-at="2018-06-25T17:04:16Z">
          <reporter-output>
          </reporter-output>
        </test-method> <!-- closeApp -->
      </class> <!-- Script.TestCase10 -->
      <class name="Script.TestCase3">
        <test-method status="PASS" signature="openPage()[pri:0, instance:Script.TestCase3@480bdb19]" name="openPage" is-config="true" duration-ms="46224" started-at="2018-06-25T17:04:16Z" finished-at="2018-06-25T17:05:02Z">
          <reporter-output>
          </reporter-output>
        </test-method> <!-- openPage -->
        <test-method status="PASS" signature="login()[pri:0, instance:Script.TestCase3@480bdb19]" name="login" duration-ms="50949" started-at="2018-06-25T17:05:02Z" finished-at="2018-06-25T17:05:53Z">
          <reporter-output>
          </reporter-output>
        </test-method> <!-- login -->
        <test-method status="PASS" signature="closeApp()[pri:0, instance:Script.TestCase3@480bdb19]" name="closeApp" is-config="true" duration-ms="935" started-at="2018-06-25T17:05:53Z" finished-at="2018-06-25T17:05:54Z">
          <reporter-output>
          </reporter-output>
        </test-method> <!-- closeApp -->
      </class> <!-- Script.TestCase3 -->
      <class name="Script.TestCase4">
        <test-method status="PASS" signature="openPage()[pri:0, instance:Script.TestCase4@2a556333]" name="openPage" is-config="true" duration-ms="35432" started-at="2018-06-25T17:05:54Z" finished-at="2018-06-25T17:06:30Z">
          <reporter-output>
          </reporter-output>
        </test-method> <!-- openPage -->
        <test-method status="PASS" signature="login()[pri:0, instance:Script.TestCase4@2a556333]" name="login" duration-ms="14098" started-at="2018-06-25T17:06:30Z" finished-at="2018-06-25T17:06:44Z">
          <reporter-output>
          </reporter-output>
        </test-method> <!-- login -->
        <test-method status="PASS" signature="closeApp()[pri:0, instance:Script.TestCase4@2a556333]" name="closeApp" is-config="true" duration-ms="1202" started-at="2018-06-25T17:06:44Z" finished-at="2018-06-25T17:06:45Z">
          <reporter-output>
          </reporter-output>
        </test-method> <!-- closeApp -->
      </class> <!-- Script.TestCase4 -->
      <class name="Script.TestCase2">
        <test-method status="PASS" signature="openPage()[pri:0, instance:Script.TestCase2@7d70d1b1]" name="openPage" is-config="true" duration-ms="44758" started-at="2018-06-25T17:06:45Z" finished-at="2018-06-25T17:07:30Z">
          <reporter-output>
          </reporter-output>
        </test-method> <!-- openPage -->
        <test-method status="PASS" signature="login2()[pri:0, instance:Script.TestCase2@7d70d1b1]" name="login2" duration-ms="43824" started-at="2018-06-25T17:07:30Z" finished-at="2018-06-25T17:08:14Z">
          <reporter-output>
          </reporter-output>
        </test-method> <!-- login2 -->
        <test-method status="PASS" signature="closeApp()[pri:0, instance:Script.TestCase2@7d70d1b1]" name="closeApp" is-config="true" duration-ms="1061" started-at="2018-06-25T17:08:14Z" finished-at="2018-06-25T17:08:15Z">
          <reporter-output>
          </reporter-output>
        </test-method> <!-- closeApp -->
      </class> <!-- Script.TestCase2 -->
      <class name="Script.TestCase7">
        <test-method status="PASS" signature="openPage()[pri:0, instance:Script.TestCase7@2a742aa2]" name="openPage" is-config="true" duration-ms="35001" started-at="2018-06-25T17:08:15Z" finished-at="2018-06-25T17:08:50Z">
          <reporter-output>
          </reporter-output>
        </test-method> <!-- openPage -->
        <test-method status="PASS" signature="Login()[pri:0, instance:Script.TestCase7@2a742aa2]" name="Login" duration-ms="20517" started-at="2018-06-25T17:08:50Z" finished-at="2018-06-25T17:09:10Z">
          <reporter-output>
          </reporter-output>
        </test-method> <!-- Login -->
        <test-method status="PASS" signature="closeApp()[pri:0, instance:Script.TestCase7@2a742aa2]" name="closeApp" is-config="true" duration-ms="1811" started-at="2018-06-25T17:09:10Z" finished-at="2018-06-25T17:09:12Z">
          <reporter-output>
          </reporter-output>
        </test-method> <!-- closeApp -->
      </class> <!-- Script.TestCase7 -->
      <class name="Script.TestCase8">
        <test-method status="PASS" signature="openPage()[pri:0, instance:Script.TestCase8@3cb1ffe6]" name="openPage" is-config="true" duration-ms="48621" started-at="2018-06-25T17:09:12Z" finished-at="2018-06-25T17:10:01Z">
          <reporter-output>
          </reporter-output>
        </test-method> <!-- openPage -->
        <test-method status="PASS" signature="Login()[pri:0, instance:Script.TestCase8@3cb1ffe6]" name="Login" duration-ms="21393" started-at="2018-06-25T17:10:01Z" finished-at="2018-06-25T17:10:22Z">
          <reporter-output>
          </reporter-output>
        </test-method> <!-- Login -->
        <test-method status="PASS" signature="closeApp()[pri:0, instance:Script.TestCase8@3cb1ffe6]" name="closeApp" is-config="true" duration-ms="1609" started-at="2018-06-25T17:10:22Z" finished-at="2018-06-25T17:10:24Z">
          <reporter-output>
          </reporter-output>
        </test-method> <!-- closeApp -->
      </class> <!-- Script.TestCase8 -->
      <class name="Script.Test_class">
        <test-method status="PASS" signature="openPage()[pri:0, instance:Script.Test_class@3dfc5fb8]" name="openPage" is-config="true" duration-ms="38655" started-at="2018-06-25T17:10:24Z" finished-at="2018-06-25T17:11:02Z">
          <reporter-output>
          </reporter-output>
        </test-method> <!-- openPage -->
        <test-method status="PASS" signature="Login()[pri:0, instance:Script.Test_class@3dfc5fb8]" name="Login" duration-ms="15122" started-at="2018-06-25T17:11:02Z" finished-at="2018-06-25T17:11:17Z">
          <reporter-output>
          </reporter-output>
        </test-method> <!-- Login -->
        <test-method status="PASS" signature="closeApp()[pri:0, instance:Script.Test_class@3dfc5fb8]" name="closeApp" is-config="true" duration-ms="2485" started-at="2018-06-25T17:11:17Z" finished-at="2018-06-25T17:11:20Z">
          <reporter-output>
          </reporter-output>
        </test-method> <!-- closeApp -->
      </class> <!-- Script.Test_class -->
      <class name="Script.TestCase5">
        <test-method status="PASS" signature="openPage()[pri:0, instance:Script.TestCase5@467aecef]" name="openPage" is-config="true" duration-ms="32446" started-at="2018-06-25T17:11:20Z" finished-at="2018-06-25T17:11:52Z">
          <reporter-output>
          </reporter-output>
        </test-method> <!-- openPage -->
        <test-method status="PASS" signature="Login()[pri:0, instance:Script.TestCase5@467aecef]" name="Login" duration-ms="18064" started-at="2018-06-25T17:11:52Z" finished-at="2018-06-25T17:12:10Z">
          <reporter-output>
          </reporter-output>
        </test-method> <!-- Login -->
        <test-method status="PASS" signature="closeApp()[pri:0, instance:Script.TestCase5@467aecef]" name="closeApp" is-config="true" duration-ms="1898" started-at="2018-06-25T17:12:10Z" finished-at="2018-06-25T17:12:12Z">
          <reporter-output>
          </reporter-output>
        </test-method> <!-- closeApp -->
      </class> <!-- Script.TestCase5 -->
      <class name="Script.TestCase6">
        <test-method status="PASS" signature="openPage()[pri:0, instance:Script.TestCase6@4d50efb8]" name="openPage" is-config="true" duration-ms="31640" started-at="2018-06-25T17:12:12Z" finished-at="2018-06-25T17:12:44Z">
          <reporter-output>
          </reporter-output>
        </test-method> <!-- openPage -->
        <test-method status="PASS" signature="Login()[pri:0, instance:Script.TestCase6@4d50efb8]" name="Login" duration-ms="16395" started-at="2018-06-25T17:12:44Z" finished-at="2018-06-25T17:13:00Z">
          <reporter-output>
          </reporter-output>
        </test-method> <!-- Login -->
        <test-method status="PASS" signature="closeApp()[pri:0, instance:Script.TestCase6@4d50efb8]" name="closeApp" is-config="true" duration-ms="2470" started-at="2018-06-25T17:13:00Z" finished-at="2018-06-25T17:13:03Z">
          <reporter-output>
          </reporter-output>
        </test-method> <!-- closeApp -->
      </class> <!-- Script.TestCase6 -->
      <class name="Script.TestCase9">
        <test-method status="PASS" signature="openPage()[pri:0, instance:Script.TestCase9@7e2d773b]" name="openPage" is-config="true" duration-ms="56374" started-at="2018-06-25T17:13:03Z" finished-at="2018-06-25T17:13:59Z">
          <reporter-output>
          </reporter-output>
        </test-method> <!-- openPage -->
        <test-method status="PASS" signature="Login()[pri:0, instance:Script.TestCase9@7e2d773b]" name="Login" duration-ms="18904" started-at="2018-06-25T17:13:59Z" finished-at="2018-06-25T17:14:18Z">
          <reporter-output>
          </reporter-output>
        </test-method> <!-- Login -->
        <test-method status="PASS" signature="closeApp()[pri:0, instance:Script.TestCase9@7e2d773b]" name="closeApp" is-config="true" duration-ms="2128" started-at="2018-06-25T17:14:18Z" finished-at="2018-06-25T17:14:20Z">
          <reporter-output>
          </reporter-output>
        </test-method> <!-- closeApp -->
      </class> <!-- Script.TestCase9 -->
    </test> <!-- Default test -->
  </suite> <!-- Default suite -->
</testng-results>
